SF:C:\Temp\dotnet\challenge\CSharpChallenge\MathHelper.cs
FN:10,System.Double CSharpChallenge.Circle::get_Radio()
FNDA:3,System.Double CSharpChallenge.Circle::get_Radio()
DA:11,3
FN:16,System.ValueTuple`2<System.Double,System.Double> CSharpChallenge.MathHelper::Calculate(CSharpChallenge.Shape)
FNDA:2,System.ValueTuple`2<System.Double,System.Double> CSharpChallenge.MathHelper::Calculate(CSharpChallenge.Shape)
DA:17,2
BRDA:17,8,0,1
BRDA:17,8,1,1
LF:2
LH:2
BRF:2
BRH:2
FNF:2
FNH:2
end_of_record
SF:C:\Temp\dotnet\challenge\CSharpChallenge\Person.cs
FN:13,System.String CSharpChallenge.Person::get_FirstName()
FNDA:10,System.String CSharpChallenge.Person::get_FirstName()
DA:14,10
FN:19,System.String CSharpChallenge.Person::get_LastName()
FNDA:10,System.String CSharpChallenge.Person::get_LastName()
DA:20,10
FN:21,System.String CSharpChallenge.Person::get_Company()
FNDA:8,System.String CSharpChallenge.Person::get_Company()
DA:22,8
FN:36,System.String CSharpChallenge.Person::FormatLastName()
FNDA:4,System.String CSharpChallenge.Person::FormatLastName()
DA:37,4
BRDA:37,6,0,2
BRDA:37,14,0,1
BRDA:37,14,1,1
BRDA:37,6,1,2
FN:38,System.String CSharpChallenge.Person::GetFullName()
FNDA:4,System.String CSharpChallenge.Person::GetFullName()
DA:39,4
BRDA:39,7,0,2
BRDA:39,7,1,4
BRDA:39,33,0,2
BRDA:39,33,1,4
FN:27,System.Void CSharpChallenge.Person::.ctor(System.String)
FNDA:8,System.Void CSharpChallenge.Person::.ctor(System.String)
DA:28,8
FN:32,System.Void CSharpChallenge.Person::.ctor()
FNDA:2,System.Void CSharpChallenge.Person::.ctor()
DA:33,2
DA:34,2
DA:35,2
LF:9
LH:9
BRF:8
BRH:8
FNF:7
FNH:7
end_of_record
SF:C:\Temp\dotnet\challenge\CSharpChallenge\StringHelper.cs
FN:15,System.Boolean CSharpChallenge.StringHelper::TryParsePercentage(System.String,System.Double&)
FNDA:3,System.Boolean CSharpChallenge.StringHelper::TryParsePercentage(System.String,System.Double&)
DA:16,3
DA:17,3
DA:19,3
DA:20,1
DA:21,1
DA:24,2
DA:25,3
DA:26,1
DA:27,1
DA:30,1
DA:31,3
BRDA:19,18,0,1
BRDA:19,18,1,2
BRDA:25,43,0,1
BRDA:25,43,1,1
BRDA:25,80,0,1
BRDA:25,80,1,1
LF:11
LH:11
BRF:6
BRH:6
FNF:1
FNH:1
end_of_record